<?xml version="1.0" encoding="UTF-8"?>
<coverage generated="1607388442036" clover="3.2.0">
  <project timestamp="1607388442036" name="All files">
    <metrics statements="19" coveredstatements="18" conditionals="0" coveredconditionals="0" methods="7" coveredmethods="5" elements="26" coveredelements="23" complexity="0" loc="19" ncloc="19" packages="2" files="3" classes="3"/>
    <package name="server-deployment-practice">
      <metrics statements="15" coveredstatements="14" conditionals="0" coveredconditionals="0" methods="5" coveredmethods="3"/>
      <file name="server.js" path="/Users/sarastrasner/codefellows/401/server-deployment-practice/server.js">
        <metrics statements="15" coveredstatements="14" conditionals="0" coveredconditionals="0" methods="5" coveredmethods="3"/>
        <line num="3" count="1" type="stmt"/>
        <line num="4" count="1" type="stmt"/>
        <line num="6" count="1" type="stmt"/>
        <line num="7" count="1" type="stmt"/>
        <line num="8" count="1" type="stmt"/>
        <line num="9" count="1" type="stmt"/>
        <line num="11" count="1" type="stmt"/>
        <line num="12" count="2" type="stmt"/>
        <line num="17" count="2" type="stmt"/>
        <line num="19" count="1" type="stmt"/>
        <line num="20" count="1" type="stmt"/>
        <line num="22" count="1" type="stmt"/>
        <line num="23" count="1" type="stmt"/>
        <line num="25" count="0" type="stmt"/>
        <line num="30" count="1" type="stmt"/>
      </file>
    </package>
    <package name="server-deployment-practice.handlers">
      <metrics statements="4" coveredstatements="4" conditionals="0" coveredconditionals="0" methods="2" coveredmethods="2"/>
      <file name="404.js" path="/Users/sarastrasner/codefellows/401/server-deployment-practice/handlers/404.js">
        <metrics statements="2" coveredstatements="2" conditionals="0" coveredconditionals="0" methods="1" coveredmethods="1"/>
        <line num="2" count="1" type="stmt"/>
        <line num="5" count="1" type="stmt"/>
      </file>
      <file name="500.js" path="/Users/sarastrasner/codefellows/401/server-deployment-practice/handlers/500.js">
        <metrics statements="2" coveredstatements="2" conditionals="0" coveredconditionals="0" methods="1" coveredmethods="1"/>
        <line num="1" count="1" type="stmt"/>
        <line num="2" count="1" type="stmt"/>
      </file>
    </package>
  </project>
</coverage>
