<?xml version="1.0" encoding="UTF-8"?>
<coverage generated="1607382968053" clover="3.2.0">
  <project timestamp="1607382968053" name="All files">
    <metrics statements="21" coveredstatements="14" conditionals="2" coveredconditionals="1" methods="6" coveredmethods="0" elements="29" coveredelements="15" complexity="0" loc="21" ncloc="21" packages="2" files="3" classes="3"/>
    <package name="server-deployment-practice">
      <metrics statements="17" coveredstatements="12" conditionals="2" coveredconditionals="1" methods="4" coveredmethods="0"/>
      <file name="server.js" path="/Users/sarastrasner/codefellows/401/server-deployment-practice/server.js">
        <metrics statements="17" coveredstatements="12" conditionals="2" coveredconditionals="1" methods="4" coveredmethods="0"/>
        <line num="4" count="1" type="stmt"/>
        <line num="5" count="1" type="stmt"/>
        <line num="6" count="1" type="stmt"/>
        <line num="7" count="1" type="cond" truecount="1" falsecount="1"/>
        <line num="10" count="1" type="stmt"/>
        <line num="11" count="1" type="stmt"/>
        <line num="14" count="1" type="stmt"/>
        <line num="15" count="1" type="stmt"/>
        <line num="16" count="1" type="stmt"/>
        <line num="18" count="0" type="stmt"/>
        <line num="20" count="1" type="stmt"/>
        <line num="23" count="1" type="stmt"/>
        <line num="27" count="0" type="stmt"/>
        <line num="31" count="0" type="stmt"/>
        <line num="36" count="0" type="stmt"/>
        <line num="40" count="1" type="stmt"/>
        <line num="41" count="0" type="stmt"/>
      </file>
    </package>
    <package name="server-deployment-practice.handlers">
      <metrics statements="4" coveredstatements="2" conditionals="0" coveredconditionals="0" methods="2" coveredmethods="0"/>
      <file name="404.js" path="/Users/sarastrasner/codefellows/401/server-deployment-practice/handlers/404.js">
        <metrics statements="2" coveredstatements="1" conditionals="0" coveredconditionals="0" methods="1" coveredmethods="0"/>
        <line num="2" count="0" type="stmt"/>
        <line num="5" count="1" type="stmt"/>
      </file>
      <file name="500.js" path="/Users/sarastrasner/codefellows/401/server-deployment-practice/handlers/500.js">
        <metrics statements="2" coveredstatements="1" conditionals="0" coveredconditionals="0" methods="1" coveredmethods="0"/>
        <line num="1" count="1" type="stmt"/>
        <line num="2" count="0" type="stmt"/>
      </file>
    </package>
  </project>
</coverage>
