{"/Users/sarastrasner/codefellows/401/server-deployment-practice/server.js": {"path":"/Users/sarastrasner/codefellows/401/server-deployment-practice/server.js","statementMap":{"0":{"start":{"line":3,"column":16},"end":{"line":3,"column":34}},"1":{"start":{"line":4,"column":12},"end":{"line":4,"column":21}},"2":{"start":{"line":6,"column":24},"end":{"line":6,"column":52}},"3":{"start":{"line":7,"column":21},"end":{"line":7,"column":49}},"4":{"start":{"line":8,"column":0},"end":{"line":10,"column":2}},"5":{"start":{"line":9,"column":2},"end":{"line":9,"column":37}},"6":{"start":{"line":11,"column":0},"end":{"line":18,"column":3}},"7":{"start":{"line":12,"column":21},"end":{"line":16,"column":3}},"8":{"start":{"line":17,"column":2},"end":{"line":17,"column":37}},"9":{"start":{"line":19,"column":0},"end":{"line":21,"column":3}},"10":{"start":{"line":20,"column":2},"end":{"line":20,"column":24}},"11":{"start":{"line":22,"column":0},"end":{"line":22,"column":30}},"12":{"start":{"line":23,"column":0},"end":{"line":23,"column":22}},"13":{"start":{"line":25,"column":2},"end":{"line":25,"column":66}},"14":{"start":{"line":25,"column":25},"end":{"line":25,"column":65}},"15":{"start":{"line":30,"column":0},"end":{"line":33,"column":1}}},"fnMap":{"0":{"name":"(anonymous_0)","decl":{"start":{"line":8,"column":13},"end":{"line":8,"column":14}},"loc":{"start":{"line":8,"column":27},"end":{"line":10,"column":1}},"line":8},"1":{"name":"(anonymous_1)","decl":{"start":{"line":11,"column":17},"end":{"line":11,"column":18}},"loc":{"start":{"line":11,"column":31},"end":{"line":18,"column":1}},"line":11},"2":{"name":"(anonymous_2)","decl":{"start":{"line":19,"column":16},"end":{"line":19,"column":17}},"loc":{"start":{"line":19,"column":36},"end":{"line":21,"column":1}},"line":19},"3":{"name":"start","decl":{"start":{"line":24,"column":9},"end":{"line":24,"column":14}},"loc":{"start":{"line":24,"column":21},"end":{"line":26,"column":1}},"line":24},"4":{"name":"(anonymous_4)","decl":{"start":{"line":25,"column":19},"end":{"line":25,"column":20}},"loc":{"start":{"line":25,"column":25},"end":{"line":25,"column":65}},"line":25}},"branchMap":{},"s":{"0":1,"1":1,"2":1,"3":1,"4":1,"5":1,"6":1,"7":2,"8":2,"9":1,"10":1,"11":1,"12":1,"13":0,"14":0,"15":1},"f":{"0":1,"1":2,"2":1,"3":0,"4":0},"b":{},"_coverageSchema":"1a1c01bbd47fc00a2c39e90264f33305004495a9","hash":"6d40759b5103604454f8b951b09bde238375c9e9"}
,"/Users/sarastrasner/codefellows/401/server-deployment-practice/handlers/404.js": {"path":"/Users/sarastrasner/codefellows/401/server-deployment-practice/handlers/404.js","statementMap":{"0":{"start":{"line":2,"column":2},"end":{"line":2,"column":65}},"1":{"start":{"line":5,"column":0},"end":{"line":5,"column":26}}},"fnMap":{"0":{"name":"notFound","decl":{"start":{"line":1,"column":9},"end":{"line":1,"column":17}},"loc":{"start":{"line":1,"column":27},"end":{"line":3,"column":1}},"line":1}},"branchMap":{},"s":{"0":1,"1":1},"f":{"0":1},"b":{},"_coverageSchema":"1a1c01bbd47fc00a2c39e90264f33305004495a9","hash":"86f9fe8d29a89af07c2dac1361ccb5e283e641b6"}
,"/Users/sarastrasner/codefellows/401/server-deployment-practice/handlers/500.js": {"path":"/Users/sarastrasner/codefellows/401/server-deployment-practice/handlers/500.js","statementMap":{"0":{"start":{"line":1,"column":0},"end":{"line":7,"column":1}},"1":{"start":{"line":2,"column":2},"end":{"line":6,"column":4}}},"fnMap":{"0":{"name":"(anonymous_0)","decl":{"start":{"line":1,"column":17},"end":{"line":1,"column":18}},"loc":{"start":{"line":1,"column":44},"end":{"line":7,"column":1}},"line":1}},"branchMap":{},"s":{"0":1,"1":1},"f":{"0":1},"b":{},"_coverageSchema":"1a1c01bbd47fc00a2c39e90264f33305004495a9","hash":"39f1bc00d637362b2f8bc7d04f6510005ae9bb90"}
}
